[0m13:24:39.129482 [debug] [MainThread]: Sending event: {'category': 'dbt', 'action': 'invocation', 'label': 'start', 'context': [<snowplow_tracker.self_describing_json.SelfDescribingJson object at 0x000002A63445FE10>, <snowplow_tracker.self_describing_json.SelfDescribingJson object at 0x000002A63445FFD0>, <snowplow_tracker.self_describing_json.SelfDescribingJson object at 0x000002A6344640D0>]}


============================== 13:24:39.129482 | bc12efbc-1a8a-45d8-bb9d-590b842a011c ==============================
[0m13:24:39.129482 [info ] [MainThread]: Running with dbt=1.7.9
[0m13:24:39.145244 [debug] [MainThread]: running dbt with arguments {'printer_width': '80', 'indirect_selection': 'eager', 'log_cache_events': 'False', 'write_json': 'True', 'partial_parse': 'True', 'cache_selected_only': 'False', 'profiles_dir': 'C:\\Users\\Min.Wen\\.dbt', 'version_check': 'True', 'warn_error': 'None', 'log_path': 'logs', 'fail_fast': 'False', 'debug': 'False', 'use_colors': 'True', 'use_experimental_parser': 'False', 'no_print': 'None', 'quiet': 'False', 'log_format': 'default', 'introspect': 'True', 'static_parser': 'True', 'invocation_command': 'dbt init excel_report', 'target_path': 'None', 'warn_error_options': 'WarnErrorOptions(include=[], exclude=[])', 'send_anonymous_usage_stats': 'True'}
[0m13:24:39.145244 [warn ] [MainThread]: [ConfigFolderDirectory]: Unable to parse dict {'dir': WindowsPath('C:/Users/Min.Wen/.dbt')}
[0m13:24:39.145244 [info ] [MainThread]: Creating dbt configuration folder at 
[0m13:24:39.145244 [debug] [MainThread]: Starter project path: E:\Work\LFL\dbt\env\Lib\site-packages\dbt\include\starter_project
[0m13:24:39.176558 [info ] [MainThread]: 
Your new dbt project "excel_report" was created!

For more information on how to configure the profiles.yml file,
please consult the dbt documentation here:

  https://docs.getdbt.com/docs/configure-your-profile

One more thing:

Need help? Don't hesitate to reach out to us via GitHub issues or on Slack:

  https://community.getdbt.com/

Happy modeling!

[0m13:24:39.178610 [info ] [MainThread]: Setting up your profile.
[0m13:25:04.320935 [info ] [MainThread]: No sample profile found for sqlserver.
[0m13:25:04.320935 [debug] [MainThread]: Command `dbt init` succeeded at 13:25:04.320935 after 25.22 seconds
[0m13:25:04.320935 [debug] [MainThread]: Sending event: {'category': 'dbt', 'action': 'invocation', 'label': 'end', 'context': [<snowplow_tracker.self_describing_json.SelfDescribingJson object at 0x000002A62D8A6390>, <snowplow_tracker.self_describing_json.SelfDescribingJson object at 0x000002A6340B62D0>, <snowplow_tracker.self_describing_json.SelfDescribingJson object at 0x000002A62DB3A990>]}
[0m13:25:04.320935 [debug] [MainThread]: Flushing usage events
[0m14:00:11.118084 [debug] [MainThread]: Sending event: {'category': 'dbt', 'action': 'invocation', 'label': 'start', 'context': [<snowplow_tracker.self_describing_json.SelfDescribingJson object at 0x0000019E96543CD0>, <snowplow_tracker.self_describing_json.SelfDescribingJson object at 0x0000019E964EF010>, <snowplow_tracker.self_describing_json.SelfDescribingJson object at 0x0000019E964EF450>]}


============================== 14:00:11.122721 | 7f0167fe-a564-48a4-afb3-fd8c537960e2 ==============================
[0m14:00:11.122721 [info ] [MainThread]: Running with dbt=1.7.9
[0m14:00:11.122721 [debug] [MainThread]: running dbt with arguments {'printer_width': '80', 'indirect_selection': 'eager', 'write_json': 'True', 'log_cache_events': 'False', 'partial_parse': 'True', 'cache_selected_only': 'False', 'warn_error': 'None', 'fail_fast': 'False', 'debug': 'False', 'log_path': 'logs', 'version_check': 'True', 'profiles_dir': 'excel_report', 'use_colors': 'True', 'use_experimental_parser': 'False', 'no_print': 'None', 'quiet': 'False', 'log_format': 'default', 'introspect': 'True', 'invocation_command': 'dbt debug', 'static_parser': 'True', 'target_path': 'None', 'warn_error_options': 'WarnErrorOptions(include=[], exclude=[])', 'send_anonymous_usage_stats': 'True'}
[0m14:00:11.122721 [info ] [MainThread]: dbt version: 1.7.9
[0m14:00:11.122721 [info ] [MainThread]: python version: 3.11.1
[0m14:00:11.122721 [info ] [MainThread]: python path: E:\Work\LFL\dbt\env\Scripts\python.exe
[0m14:00:11.122721 [info ] [MainThread]: os info: Windows-10-10.0.17763-SP0
[0m14:00:11.132908 [info ] [MainThread]: Using profiles dir at excel_report
[0m14:00:11.132908 [info ] [MainThread]: Using profiles.yml file at excel_report\profiles.yml
[0m14:00:11.132908 [info ] [MainThread]: Using dbt_project.yml file at E:\Work\LFL\dbt\dbt_project.yml
[0m14:00:11.132908 [info ] [MainThread]: Configuration:
[0m14:00:11.132908 [info ] [MainThread]:   profiles.yml file [[31mERROR invalid[0m]
[0m14:00:11.132908 [info ] [MainThread]:   dbt_project.yml file [[31mERROR not found[0m]
[0m14:00:11.132908 [info ] [MainThread]: Required dependencies:
[0m14:00:11.132908 [debug] [MainThread]: Executing "git --help"
[0m14:00:11.568363 [debug] [MainThread]: STDOUT: "b"usage: git [-v | --version] [-h | --help] [-C <path>] [-c <name>=<value>]\n           [--exec-path[=<path>]] [--html-path] [--man-path] [--info-path]\n           [-p | --paginate | -P | --no-pager] [--no-replace-objects] [--bare]\n           [--git-dir=<path>] [--work-tree=<path>] [--namespace=<name>]\n           [--config-env=<name>=<envvar>] <command> [<args>]\n\nThese are common Git commands used in various situations:\n\nstart a working area (see also: git help tutorial)\n   clone     Clone a repository into a new directory\n   init      Create an empty Git repository or reinitialize an existing one\n\nwork on the current change (see also: git help everyday)\n   add       Add file contents to the index\n   mv        Move or rename a file, a directory, or a symlink\n   restore   Restore working tree files\n   rm        Remove files from the working tree and from the index\n\nexamine the history and state (see also: git help revisions)\n   bisect    Use binary search to find the commit that introduced a bug\n   diff      Show changes between commits, commit and working tree, etc\n   grep      Print lines matching a pattern\n   log       Show commit logs\n   show      Show various types of objects\n   status    Show the working tree status\n\ngrow, mark and tweak your common history\n   branch    List, create, or delete branches\n   commit    Record changes to the repository\n   merge     Join two or more development histories together\n   rebase    Reapply commits on top of another base tip\n   reset     Reset current HEAD to the specified state\n   switch    Switch branches\n   tag       Create, list, delete or verify a tag object signed with GPG\n\ncollaborate (see also: git help workflows)\n   fetch     Download objects and refs from another repository\n   pull      Fetch from and integrate with another repository or a local branch\n   push      Update remote refs along with associated objects\n\n'git help -a' and 'git help -g' list available subcommands and some\nconcept guides. See 'git help <command>' or 'git help <concept>'\nto read about a specific subcommand or concept.\nSee 'git help git' for an overview of the system.\n""
[0m14:00:11.568363 [debug] [MainThread]: STDERR: "b''"
[0m14:00:11.569354 [info ] [MainThread]:  - git [[32mOK found[0m]

[0m14:00:11.570367 [info ] [MainThread]: Connection test skipped since no profile was found
[0m14:00:11.571379 [info ] [MainThread]: [31m2 checks failed:[0m
[0m14:00:11.572374 [info ] [MainThread]: Could not load dbt_project.yml
Profile loading failed for the following reason:
Runtime Error
  The profile 'excel_report' does not have a target named 'local_dev'. The valid target names for this profile are:
   - dev


[0m14:00:11.573367 [info ] [MainThread]: Project loading failed for the following reason:
 project path <E:\Work\LFL\dbt\dbt_project.yml> not found

[0m14:00:11.574368 [debug] [MainThread]: Command `dbt debug` failed at 14:00:11.574368 after 0.53 seconds
[0m14:00:11.575362 [debug] [MainThread]: Sending event: {'category': 'dbt', 'action': 'invocation', 'label': 'end', 'context': [<snowplow_tracker.self_describing_json.SelfDescribingJson object at 0x0000019E8F965A50>, <snowplow_tracker.self_describing_json.SelfDescribingJson object at 0x0000019E8F966750>, <snowplow_tracker.self_describing_json.SelfDescribingJson object at 0x0000019E8F966590>]}
[0m14:00:11.576457 [debug] [MainThread]: Flushing usage events
[0m14:06:14.025471 [debug] [MainThread]: Sending event: {'category': 'dbt', 'action': 'invocation', 'label': 'start', 'context': [<snowplow_tracker.self_describing_json.SelfDescribingJson object at 0x0000019B83F8EE50>, <snowplow_tracker.self_describing_json.SelfDescribingJson object at 0x0000019B83FA6350>, <snowplow_tracker.self_describing_json.SelfDescribingJson object at 0x0000019B83FA6F90>]}


============================== 14:06:14.025471 | 4fa7bb9f-b8f1-464f-af0a-e922b7310e30 ==============================
[0m14:06:14.025471 [info ] [MainThread]: Running with dbt=1.7.9
[0m14:06:14.025471 [debug] [MainThread]: running dbt with arguments {'printer_width': '80', 'indirect_selection': 'eager', 'log_cache_events': 'False', 'write_json': 'True', 'partial_parse': 'True', 'cache_selected_only': 'False', 'warn_error': 'None', 'version_check': 'True', 'fail_fast': 'False', 'log_path': 'logs', 'profiles_dir': 'excel_report', 'debug': 'False', 'use_colors': 'True', 'use_experimental_parser': 'False', 'no_print': 'None', 'quiet': 'False', 'log_format': 'default', 'introspect': 'True', 'static_parser': 'True', 'invocation_command': 'dbt debug', 'target_path': 'None', 'warn_error_options': 'WarnErrorOptions(include=[], exclude=[])', 'send_anonymous_usage_stats': 'True'}
[0m14:06:14.025471 [info ] [MainThread]: dbt version: 1.7.9
[0m14:06:14.025471 [info ] [MainThread]: python version: 3.11.1
[0m14:06:14.025471 [info ] [MainThread]: python path: E:\Work\LFL\dbt\env\Scripts\python.exe
[0m14:06:14.025471 [info ] [MainThread]: os info: Windows-10-10.0.17763-SP0
[0m14:06:14.025471 [info ] [MainThread]: Using profiles dir at excel_report
[0m14:06:14.041210 [info ] [MainThread]: Using profiles.yml file at excel_report\profiles.yml
[0m14:06:14.041210 [info ] [MainThread]: Using dbt_project.yml file at E:\Work\LFL\dbt\dbt_project.yml
[0m14:06:14.042872 [info ] [MainThread]: Configuration:
[0m14:06:14.043897 [info ] [MainThread]:   profiles.yml file [[31mERROR invalid[0m]
[0m14:06:14.044900 [info ] [MainThread]:   dbt_project.yml file [[31mERROR not found[0m]
[0m14:06:14.044900 [info ] [MainThread]: Required dependencies:
[0m14:06:14.045874 [debug] [MainThread]: Executing "git --help"
[0m14:06:14.478450 [debug] [MainThread]: STDOUT: "b"usage: git [-v | --version] [-h | --help] [-C <path>] [-c <name>=<value>]\n           [--exec-path[=<path>]] [--html-path] [--man-path] [--info-path]\n           [-p | --paginate | -P | --no-pager] [--no-replace-objects] [--bare]\n           [--git-dir=<path>] [--work-tree=<path>] [--namespace=<name>]\n           [--config-env=<name>=<envvar>] <command> [<args>]\n\nThese are common Git commands used in various situations:\n\nstart a working area (see also: git help tutorial)\n   clone     Clone a repository into a new directory\n   init      Create an empty Git repository or reinitialize an existing one\n\nwork on the current change (see also: git help everyday)\n   add       Add file contents to the index\n   mv        Move or rename a file, a directory, or a symlink\n   restore   Restore working tree files\n   rm        Remove files from the working tree and from the index\n\nexamine the history and state (see also: git help revisions)\n   bisect    Use binary search to find the commit that introduced a bug\n   diff      Show changes between commits, commit and working tree, etc\n   grep      Print lines matching a pattern\n   log       Show commit logs\n   show      Show various types of objects\n   status    Show the working tree status\n\ngrow, mark and tweak your common history\n   branch    List, create, or delete branches\n   commit    Record changes to the repository\n   merge     Join two or more development histories together\n   rebase    Reapply commits on top of another base tip\n   reset     Reset current HEAD to the specified state\n   switch    Switch branches\n   tag       Create, list, delete or verify a tag object signed with GPG\n\ncollaborate (see also: git help workflows)\n   fetch     Download objects and refs from another repository\n   pull      Fetch from and integrate with another repository or a local branch\n   push      Update remote refs along with associated objects\n\n'git help -a' and 'git help -g' list available subcommands and some\nconcept guides. See 'git help <command>' or 'git help <concept>'\nto read about a specific subcommand or concept.\nSee 'git help git' for an overview of the system.\n""
[0m14:06:14.479499 [debug] [MainThread]: STDERR: "b''"
[0m14:06:14.479564 [info ] [MainThread]:  - git [[32mOK found[0m]

[0m14:06:14.479564 [info ] [MainThread]: Connection test skipped since no profile was found
[0m14:06:14.481207 [info ] [MainThread]: [31m2 checks failed:[0m
[0m14:06:14.481207 [info ] [MainThread]: Could not load dbt_project.yml
Profile loading failed for the following reason:
Runtime Error
  The profile 'excel_report' does not have a target named '"E:\Work\LFL\dbt\excel_report"'. The valid target names for this profile are:
   - dev


[0m14:06:14.481207 [info ] [MainThread]: Project loading failed for the following reason:
 project path <E:\Work\LFL\dbt\dbt_project.yml> not found

[0m14:06:14.484365 [debug] [MainThread]: Command `dbt debug` failed at 14:06:14.484365 after 0.53 seconds
[0m14:06:14.484365 [debug] [MainThread]: Sending event: {'category': 'dbt', 'action': 'invocation', 'label': 'end', 'context': [<snowplow_tracker.self_describing_json.SelfDescribingJson object at 0x0000019B83FA7D90>, <snowplow_tracker.self_describing_json.SelfDescribingJson object at 0x0000019BFD455AD0>, <snowplow_tracker.self_describing_json.SelfDescribingJson object at 0x0000019BFD456650>]}
[0m14:06:14.484365 [debug] [MainThread]: Flushing usage events
[0m14:07:16.491423 [debug] [MainThread]: Sending event: {'category': 'dbt', 'action': 'invocation', 'label': 'start', 'context': [<snowplow_tracker.self_describing_json.SelfDescribingJson object at 0x0000025684DC41D0>, <snowplow_tracker.self_describing_json.SelfDescribingJson object at 0x0000025684DBD6D0>, <snowplow_tracker.self_describing_json.SelfDescribingJson object at 0x0000025684802690>]}


============================== 14:07:16.491423 | a1fc3e02-14c2-45ec-a75f-1497cf77790c ==============================
[0m14:07:16.491423 [info ] [MainThread]: Running with dbt=1.7.9
[0m14:07:16.491423 [debug] [MainThread]: running dbt with arguments {'printer_width': '80', 'indirect_selection': 'eager', 'log_cache_events': 'False', 'write_json': 'True', 'partial_parse': 'True', 'cache_selected_only': 'False', 'profiles_dir': '"E:\\Work\\LFL\\dbt\\excel_report"', 'fail_fast': 'False', 'warn_error': 'None', 'log_path': 'logs', 'debug': 'False', 'version_check': 'True', 'use_colors': 'True', 'use_experimental_parser': 'False', 'no_print': 'None', 'quiet': 'False', 'warn_error_options': 'WarnErrorOptions(include=[], exclude=[])', 'introspect': 'True', 'static_parser': 'True', 'log_format': 'default', 'target_path': 'None', 'invocation_command': 'dbt debug', 'send_anonymous_usage_stats': 'True'}
[0m14:07:16.491423 [info ] [MainThread]: dbt version: 1.7.9
[0m14:07:16.491423 [info ] [MainThread]: python version: 3.11.1
[0m14:07:16.491423 [info ] [MainThread]: python path: E:\Work\LFL\dbt\env\Scripts\python.exe
[0m14:07:16.491423 [info ] [MainThread]: os info: Windows-10-10.0.17763-SP0
[0m14:07:16.491423 [info ] [MainThread]: Using profiles dir at "E:\Work\LFL\dbt\excel_report"
[0m14:07:16.491423 [info ] [MainThread]: Using profiles.yml file at "E:\Work\LFL\dbt\excel_report"\profiles.yml
[0m14:07:16.491423 [info ] [MainThread]: Using dbt_project.yml file at E:\Work\LFL\dbt\dbt_project.yml
[0m14:07:16.491423 [info ] [MainThread]: Configuration:
[0m14:07:16.491423 [info ] [MainThread]:   profiles.yml file [[31mERROR not found[0m]
[0m14:07:16.491423 [info ] [MainThread]:   dbt_project.yml file [[31mERROR not found[0m]
[0m14:07:16.507181 [info ] [MainThread]: Required dependencies:
[0m14:07:16.507181 [debug] [MainThread]: Executing "git --help"
[0m14:07:16.927646 [debug] [MainThread]: STDOUT: "b"usage: git [-v | --version] [-h | --help] [-C <path>] [-c <name>=<value>]\n           [--exec-path[=<path>]] [--html-path] [--man-path] [--info-path]\n           [-p | --paginate | -P | --no-pager] [--no-replace-objects] [--bare]\n           [--git-dir=<path>] [--work-tree=<path>] [--namespace=<name>]\n           [--config-env=<name>=<envvar>] <command> [<args>]\n\nThese are common Git commands used in various situations:\n\nstart a working area (see also: git help tutorial)\n   clone     Clone a repository into a new directory\n   init      Create an empty Git repository or reinitialize an existing one\n\nwork on the current change (see also: git help everyday)\n   add       Add file contents to the index\n   mv        Move or rename a file, a directory, or a symlink\n   restore   Restore working tree files\n   rm        Remove files from the working tree and from the index\n\nexamine the history and state (see also: git help revisions)\n   bisect    Use binary search to find the commit that introduced a bug\n   diff      Show changes between commits, commit and working tree, etc\n   grep      Print lines matching a pattern\n   log       Show commit logs\n   show      Show various types of objects\n   status    Show the working tree status\n\ngrow, mark and tweak your common history\n   branch    List, create, or delete branches\n   commit    Record changes to the repository\n   merge     Join two or more development histories together\n   rebase    Reapply commits on top of another base tip\n   reset     Reset current HEAD to the specified state\n   switch    Switch branches\n   tag       Create, list, delete or verify a tag object signed with GPG\n\ncollaborate (see also: git help workflows)\n   fetch     Download objects and refs from another repository\n   pull      Fetch from and integrate with another repository or a local branch\n   push      Update remote refs along with associated objects\n\n'git help -a' and 'git help -g' list available subcommands and some\nconcept guides. See 'git help <command>' or 'git help <concept>'\nto read about a specific subcommand or concept.\nSee 'git help git' for an overview of the system.\n""
[0m14:07:16.927646 [debug] [MainThread]: STDERR: "b''"
[0m14:07:16.927646 [info ] [MainThread]:  - git [[32mOK found[0m]

[0m14:07:16.927646 [info ] [MainThread]: Connection test skipped since no profile was found
[0m14:07:16.927646 [info ] [MainThread]: [31m2 checks failed:[0m
[0m14:07:16.927646 [info ] [MainThread]: dbt looked for a profiles.yml file in "E:\Work\LFL\dbt\excel_report"\profiles.yml, but did
not find one. For more information on configuring your profile, consult the
documentation:

https://docs.getdbt.com/docs/configure-your-profile


[0m14:07:16.927646 [info ] [MainThread]: Project loading failed for the following reason:
 project path <E:\Work\LFL\dbt\dbt_project.yml> not found

[0m14:07:16.927646 [debug] [MainThread]: Command `dbt debug` failed at 14:07:16.927646 after 0.48 seconds
[0m14:07:16.927646 [debug] [MainThread]: Sending event: {'category': 'dbt', 'action': 'invocation', 'label': 'end', 'context': [<snowplow_tracker.self_describing_json.SelfDescribingJson object at 0x00000256FE2067D0>, <snowplow_tracker.self_describing_json.SelfDescribingJson object at 0x00000256FE206650>, <snowplow_tracker.self_describing_json.SelfDescribingJson object at 0x00000256FE206610>]}
[0m14:07:16.927646 [debug] [MainThread]: Flushing usage events
[0m14:10:13.838716 [debug] [MainThread]: Sending event: {'category': 'dbt', 'action': 'invocation', 'label': 'start', 'context': [<snowplow_tracker.self_describing_json.SelfDescribingJson object at 0x000001716396FB90>, <snowplow_tracker.self_describing_json.SelfDescribingJson object at 0x00000171639C3D50>, <snowplow_tracker.self_describing_json.SelfDescribingJson object at 0x00000171639C3FD0>]}


============================== 14:10:13.838716 | 50345ccd-0357-464e-a7c7-de5637508e13 ==============================
[0m14:10:13.838716 [info ] [MainThread]: Running with dbt=1.7.9
[0m14:10:13.838716 [debug] [MainThread]: running dbt with arguments {'printer_width': '80', 'indirect_selection': 'eager', 'log_cache_events': 'False', 'write_json': 'True', 'partial_parse': 'True', 'cache_selected_only': 'False', 'warn_error': 'None', 'fail_fast': 'False', 'debug': 'False', 'log_path': 'logs', 'profiles_dir': 'E:\\Work\\LFL\\dbt\\excel_report', 'version_check': 'True', 'use_colors': 'True', 'use_experimental_parser': 'False', 'no_print': 'None', 'quiet': 'False', 'warn_error_options': 'WarnErrorOptions(include=[], exclude=[])', 'static_parser': 'True', 'invocation_command': 'dbt debug', 'introspect': 'True', 'target_path': 'None', 'log_format': 'default', 'send_anonymous_usage_stats': 'True'}
[0m14:10:13.838716 [info ] [MainThread]: dbt version: 1.7.9
[0m14:10:13.838716 [info ] [MainThread]: python version: 3.11.1
[0m14:10:13.838716 [info ] [MainThread]: python path: E:\Work\LFL\dbt\env\Scripts\python.exe
[0m14:10:13.838716 [info ] [MainThread]: os info: Windows-10-10.0.17763-SP0
[0m14:10:14.082513 [info ] [MainThread]: Using profiles dir at E:\Work\LFL\dbt\excel_report
[0m14:10:14.082513 [info ] [MainThread]: Using profiles.yml file at E:\Work\LFL\dbt\excel_report\profiles.yml
[0m14:10:14.082513 [info ] [MainThread]: Using dbt_project.yml file at E:\Work\LFL\dbt\dbt_project.yml
[0m14:10:14.082513 [info ] [MainThread]: adapter type: sqlserver
[0m14:10:14.082513 [info ] [MainThread]: adapter version: 1.7.3
[0m14:10:14.082513 [info ] [MainThread]: Configuration:
[0m14:10:14.082513 [info ] [MainThread]:   profiles.yml file [[32mOK found and valid[0m]
[0m14:10:14.082513 [info ] [MainThread]:   dbt_project.yml file [[31mERROR not found[0m]
[0m14:10:14.082513 [info ] [MainThread]: Required dependencies:
[0m14:10:14.082513 [debug] [MainThread]: Executing "git --help"
[0m14:10:14.517340 [debug] [MainThread]: STDOUT: "b"usage: git [-v | --version] [-h | --help] [-C <path>] [-c <name>=<value>]\n           [--exec-path[=<path>]] [--html-path] [--man-path] [--info-path]\n           [-p | --paginate | -P | --no-pager] [--no-replace-objects] [--bare]\n           [--git-dir=<path>] [--work-tree=<path>] [--namespace=<name>]\n           [--config-env=<name>=<envvar>] <command> [<args>]\n\nThese are common Git commands used in various situations:\n\nstart a working area (see also: git help tutorial)\n   clone     Clone a repository into a new directory\n   init      Create an empty Git repository or reinitialize an existing one\n\nwork on the current change (see also: git help everyday)\n   add       Add file contents to the index\n   mv        Move or rename a file, a directory, or a symlink\n   restore   Restore working tree files\n   rm        Remove files from the working tree and from the index\n\nexamine the history and state (see also: git help revisions)\n   bisect    Use binary search to find the commit that introduced a bug\n   diff      Show changes between commits, commit and working tree, etc\n   grep      Print lines matching a pattern\n   log       Show commit logs\n   show      Show various types of objects\n   status    Show the working tree status\n\ngrow, mark and tweak your common history\n   branch    List, create, or delete branches\n   commit    Record changes to the repository\n   merge     Join two or more development histories together\n   rebase    Reapply commits on top of another base tip\n   reset     Reset current HEAD to the specified state\n   switch    Switch branches\n   tag       Create, list, delete or verify a tag object signed with GPG\n\ncollaborate (see also: git help workflows)\n   fetch     Download objects and refs from another repository\n   pull      Fetch from and integrate with another repository or a local branch\n   push      Update remote refs along with associated objects\n\n'git help -a' and 'git help -g' list available subcommands and some\nconcept guides. See 'git help <command>' or 'git help <concept>'\nto read about a specific subcommand or concept.\nSee 'git help git' for an overview of the system.\n""
[0m14:10:14.517340 [debug] [MainThread]: STDERR: "b''"
[0m14:10:14.517340 [info ] [MainThread]:  - git [[32mOK found[0m]

[0m14:10:14.517340 [info ] [MainThread]: Connection:
[0m14:10:14.517340 [info ] [MainThread]:   server: CAWPAPP3464
[0m14:10:14.517340 [info ] [MainThread]:   database: CGC
[0m14:10:14.517340 [info ] [MainThread]:   schema: Canteen
[0m14:10:14.517340 [info ] [MainThread]:   UID: None
[0m14:10:14.517340 [info ] [MainThread]:   client_id: None
[0m14:10:14.517340 [info ] [MainThread]:   authentication: sql
[0m14:10:14.517340 [info ] [MainThread]:   encrypt: True
[0m14:10:14.517340 [info ] [MainThread]:   trust_cert: False
[0m14:10:14.517340 [info ] [MainThread]:   retries: 1
[0m14:10:14.517340 [info ] [MainThread]:   login_timeout: 0
[0m14:10:14.517340 [info ] [MainThread]:   query_timeout: 0
[0m14:10:14.517340 [info ] [MainThread]:   port: 1433
[0m14:10:14.517340 [info ] [MainThread]: Registered adapter: sqlserver=1.7.3
[0m14:10:14.533128 [debug] [MainThread]: Acquiring new sqlserver connection 'debug'
[0m14:10:14.533128 [debug] [MainThread]: Using sqlserver connection "debug"
[0m14:10:14.533128 [debug] [MainThread]: On debug: select 1 as id
[0m14:10:14.533128 [debug] [MainThread]: Opening a new connection, currently in state init
[0m14:10:14.533128 [debug] [MainThread]: SQLServer adapter: Using connection string: DRIVER={'SQL Server'};SERVER=CAWPAPP3464,1433;Database=CGC;UID={None};PWD=***;encrypt=Yes;TrustServerCertificate=No;Application Name=dbt-sqlserver/1.7.3
[0m14:10:14.533128 [debug] [MainThread]: fabric adapter: Error running SQL: select 1 as id
[0m14:10:14.533128 [debug] [MainThread]: fabric adapter: Rolling back transaction.
[0m14:10:14.533128 [debug] [MainThread]: On debug: No close available on handle
[0m14:10:14.533128 [info ] [MainThread]:   Connection test: [[31mERROR[0m]

[0m14:10:14.543193 [info ] [MainThread]: [31m2 checks failed:[0m
[0m14:10:14.543193 [info ] [MainThread]: Project loading failed for the following reason:
 project path <E:\Work\LFL\dbt\dbt_project.yml> not found

[0m14:10:14.543193 [info ] [MainThread]: dbt was unable to connect to the specified database.
The database returned the following error:

  >Database Error
  ('IM002', '[IM002] [Microsoft][ODBC Driver Manager] Data source name not found and no default driver specified (0) (SQLDriverConnect)')

Check your database credentials and try again. For more information, visit:
https://docs.getdbt.com/docs/configure-your-profile


[0m14:10:14.543193 [debug] [MainThread]: Command `dbt debug` failed at 14:10:14.543193 after 0.77 seconds
[0m14:10:14.543193 [debug] [MainThread]: Connection 'debug' was properly closed.
[0m14:10:14.543193 [debug] [MainThread]: Sending event: {'category': 'dbt', 'action': 'invocation', 'label': 'end', 'context': [<snowplow_tracker.self_describing_json.SelfDescribingJson object at 0x000001716396FD90>, <snowplow_tracker.self_describing_json.SelfDescribingJson object at 0x000001715CD15AD0>, <snowplow_tracker.self_describing_json.SelfDescribingJson object at 0x0000017163F20C90>]}
[0m14:10:14.543193 [debug] [MainThread]: Flushing usage events
[0m14:13:04.659022 [debug] [MainThread]: Sending event: {'category': 'dbt', 'action': 'invocation', 'label': 'start', 'context': [<snowplow_tracker.self_describing_json.SelfDescribingJson object at 0x000001DE9A345790>, <snowplow_tracker.self_describing_json.SelfDescribingJson object at 0x000001DE9A354110>, <snowplow_tracker.self_describing_json.SelfDescribingJson object at 0x000001DE9A355DD0>]}


============================== 14:13:04.659022 | d16f6835-426d-49b5-b649-29976ece2a21 ==============================
[0m14:13:04.659022 [info ] [MainThread]: Running with dbt=1.7.9
[0m14:13:04.659022 [debug] [MainThread]: running dbt with arguments {'printer_width': '80', 'indirect_selection': 'eager', 'write_json': 'True', 'log_cache_events': 'False', 'partial_parse': 'True', 'cache_selected_only': 'False', 'profiles_dir': 'E:\\Work\\LFL\\dbt\\excel_report', 'version_check': 'True', 'warn_error': 'None', 'log_path': 'logs', 'fail_fast': 'False', 'debug': 'False', 'use_colors': 'True', 'use_experimental_parser': 'False', 'no_print': 'None', 'quiet': 'False', 'log_format': 'default', 'static_parser': 'True', 'invocation_command': 'dbt debug', 'introspect': 'True', 'target_path': 'None', 'warn_error_options': 'WarnErrorOptions(include=[], exclude=[])', 'send_anonymous_usage_stats': 'True'}
[0m14:13:04.659022 [info ] [MainThread]: dbt version: 1.7.9
[0m14:13:04.659022 [info ] [MainThread]: python version: 3.11.1
[0m14:13:04.659022 [info ] [MainThread]: python path: E:\Work\LFL\dbt\env\Scripts\python.exe
[0m14:13:04.659022 [info ] [MainThread]: os info: Windows-10-10.0.17763-SP0
[0m14:13:04.896069 [info ] [MainThread]: Using profiles dir at E:\Work\LFL\dbt\excel_report
[0m14:13:04.896069 [info ] [MainThread]: Using profiles.yml file at E:\Work\LFL\dbt\excel_report\profiles.yml
[0m14:13:04.896069 [info ] [MainThread]: Using dbt_project.yml file at E:\Work\LFL\dbt\dbt_project.yml
[0m14:13:04.896069 [info ] [MainThread]: adapter type: sqlserver
[0m14:13:04.896069 [info ] [MainThread]: adapter version: 1.7.3
[0m14:13:04.896069 [info ] [MainThread]: Configuration:
[0m14:13:04.896069 [info ] [MainThread]:   profiles.yml file [[32mOK found and valid[0m]
[0m14:13:04.896069 [info ] [MainThread]:   dbt_project.yml file [[31mERROR not found[0m]
[0m14:13:04.896069 [info ] [MainThread]: Required dependencies:
[0m14:13:04.896069 [debug] [MainThread]: Executing "git --help"
[0m14:13:05.335971 [debug] [MainThread]: STDOUT: "b"usage: git [-v | --version] [-h | --help] [-C <path>] [-c <name>=<value>]\n           [--exec-path[=<path>]] [--html-path] [--man-path] [--info-path]\n           [-p | --paginate | -P | --no-pager] [--no-replace-objects] [--bare]\n           [--git-dir=<path>] [--work-tree=<path>] [--namespace=<name>]\n           [--config-env=<name>=<envvar>] <command> [<args>]\n\nThese are common Git commands used in various situations:\n\nstart a working area (see also: git help tutorial)\n   clone     Clone a repository into a new directory\n   init      Create an empty Git repository or reinitialize an existing one\n\nwork on the current change (see also: git help everyday)\n   add       Add file contents to the index\n   mv        Move or rename a file, a directory, or a symlink\n   restore   Restore working tree files\n   rm        Remove files from the working tree and from the index\n\nexamine the history and state (see also: git help revisions)\n   bisect    Use binary search to find the commit that introduced a bug\n   diff      Show changes between commits, commit and working tree, etc\n   grep      Print lines matching a pattern\n   log       Show commit logs\n   show      Show various types of objects\n   status    Show the working tree status\n\ngrow, mark and tweak your common history\n   branch    List, create, or delete branches\n   commit    Record changes to the repository\n   merge     Join two or more development histories together\n   rebase    Reapply commits on top of another base tip\n   reset     Reset current HEAD to the specified state\n   switch    Switch branches\n   tag       Create, list, delete or verify a tag object signed with GPG\n\ncollaborate (see also: git help workflows)\n   fetch     Download objects and refs from another repository\n   pull      Fetch from and integrate with another repository or a local branch\n   push      Update remote refs along with associated objects\n\n'git help -a' and 'git help -g' list available subcommands and some\nconcept guides. See 'git help <command>' or 'git help <concept>'\nto read about a specific subcommand or concept.\nSee 'git help git' for an overview of the system.\n""
[0m14:13:05.335971 [debug] [MainThread]: STDERR: "b''"
[0m14:13:05.335971 [info ] [MainThread]:  - git [[32mOK found[0m]

[0m14:13:05.335971 [info ] [MainThread]: Connection:
[0m14:13:05.335971 [info ] [MainThread]:   server: CAWPAPP3464
[0m14:13:05.335971 [info ] [MainThread]:   database: CGC
[0m14:13:05.335971 [info ] [MainThread]:   schema: Canteen
[0m14:13:05.335971 [info ] [MainThread]:   UID: None
[0m14:13:05.335971 [info ] [MainThread]:   client_id: None
[0m14:13:05.335971 [info ] [MainThread]:   authentication: sql
[0m14:13:05.335971 [info ] [MainThread]:   encrypt: True
[0m14:13:05.335971 [info ] [MainThread]:   trust_cert: False
[0m14:13:05.335971 [info ] [MainThread]:   retries: 1
[0m14:13:05.335971 [info ] [MainThread]:   login_timeout: 0
[0m14:13:05.335971 [info ] [MainThread]:   query_timeout: 0
[0m14:13:05.335971 [info ] [MainThread]:   port: 1433
[0m14:13:05.335971 [info ] [MainThread]: Registered adapter: sqlserver=1.7.3
[0m14:13:05.351787 [debug] [MainThread]: Acquiring new sqlserver connection 'debug'
[0m14:13:05.351787 [debug] [MainThread]: Using sqlserver connection "debug"
[0m14:13:05.351787 [debug] [MainThread]: On debug: select 1 as id
[0m14:13:05.351787 [debug] [MainThread]: Opening a new connection, currently in state init
[0m14:13:05.351787 [debug] [MainThread]: fabric adapter: Using connection string: DRIVER={'SQL Server'};SERVER=CAWPAPP3464;Database=CGC;trusted_connection=Yes;encrypt=Yes;TrustServerCertificate=No;APP=dbt-sqlserver/1.7.4;ConnectRetryCount=1
[0m14:13:05.351787 [debug] [MainThread]: fabric adapter: Error running SQL: select 1 as id
[0m14:13:05.351787 [debug] [MainThread]: fabric adapter: Rolling back transaction.
[0m14:13:05.351787 [debug] [MainThread]: On debug: No close available on handle
[0m14:13:05.351787 [info ] [MainThread]:   Connection test: [[31mERROR[0m]

[0m14:13:05.351787 [info ] [MainThread]: [31m2 checks failed:[0m
[0m14:13:05.351787 [info ] [MainThread]: Project loading failed for the following reason:
 project path <E:\Work\LFL\dbt\dbt_project.yml> not found

[0m14:13:05.351787 [info ] [MainThread]: dbt was unable to connect to the specified database.
The database returned the following error:

  >Database Error
  ('IM002', '[IM002] [Microsoft][ODBC Driver Manager] Data source name not found and no default driver specified (0) (SQLDriverConnect)')

Check your database credentials and try again. For more information, visit:
https://docs.getdbt.com/docs/configure-your-profile


[0m14:13:05.351787 [debug] [MainThread]: Command `dbt debug` failed at 14:13:05.351787 after 0.77 seconds
[0m14:13:05.351787 [debug] [MainThread]: Connection 'debug' was properly closed.
[0m14:13:05.351787 [debug] [MainThread]: Sending event: {'category': 'dbt', 'action': 'invocation', 'label': 'end', 'context': [<snowplow_tracker.self_describing_json.SelfDescribingJson object at 0x000001DE93716650>, <snowplow_tracker.self_describing_json.SelfDescribingJson object at 0x000001DE93715AD0>, <snowplow_tracker.self_describing_json.SelfDescribingJson object at 0x000001DE99E351D0>]}
[0m14:13:05.351787 [debug] [MainThread]: Flushing usage events
